Some weights of BartForSequenceClassification were not initialized from the model checkpoint at facebook/bart-base and are newly initialized: ['classification_head.dense.bias', 'classification_head.dense.weight', 'classification_head.out_proj.bias', 'classification_head.out_proj.weight']
You should probably TRAIN this model on a down-stream task to be able to use it for predictions and inference.
Detected kernel version 5.4.0, which is below the recommended minimum of 5.5.0; this can cause the process to hang. It is recommended to upgrade the kernel to the minimum version or higher.
wandb: WARNING The `run_name` is currently set to the same value as `TrainingArguments.output_dir`. If this was not intended, please specify a different run name by setting the `TrainingArguments.run_name` parameter.
                                                    
{'loss': 0.7107, 'grad_norm': 9.181607246398926, 'learning_rate': 1.9961198875559254e-05, 'epoch': 0.01}
{'loss': 0.5351, 'grad_norm': 4.051962852478027, 'learning_rate': 1.992160589143604e-05, 'epoch': 0.01}
{'loss': 0.5056, 'grad_norm': 11.19637393951416, 'learning_rate': 1.9882012907312826e-05, 'epoch': 0.02}
{'loss': 0.4337, 'grad_norm': 6.553423881530762, 'learning_rate': 1.9842419923189612e-05, 'epoch': 0.02}
{'loss': 0.385, 'grad_norm': 0.9390934705734253, 'learning_rate': 1.9802826939066398e-05, 'epoch': 0.03}
{'loss': 0.4925, 'grad_norm': 13.224183082580566, 'learning_rate': 1.9763233954943187e-05, 'epoch': 0.04}
{'loss': 0.3649, 'grad_norm': 7.508608818054199, 'learning_rate': 1.9723640970819973e-05, 'epoch': 0.04}
{'loss': 0.4233, 'grad_norm': 39.970462799072266, 'learning_rate': 1.968404798669676e-05, 'epoch': 0.05}
{'loss': 0.3285, 'grad_norm': 0.6874729990959167, 'learning_rate': 1.9644455002573545e-05, 'epoch': 0.05}
{'loss': 0.409, 'grad_norm': 13.88593578338623, 'learning_rate': 1.960486201845033e-05, 'epoch': 0.06}
{'loss': 0.4034, 'grad_norm': 28.25103187561035, 'learning_rate': 1.956526903432712e-05, 'epoch': 0.07}
{'loss': 0.3638, 'grad_norm': 23.027315139770508, 'learning_rate': 1.9525676050203906e-05, 'epoch': 0.07}
{'loss': 0.417, 'grad_norm': 22.5756778717041, 'learning_rate': 1.9486083066080692e-05, 'epoch': 0.08}
{'loss': 0.3805, 'grad_norm': 22.22616195678711, 'learning_rate': 1.944649008195748e-05, 'epoch': 0.08}
{'loss': 0.3563, 'grad_norm': 4.116161346435547, 'learning_rate': 1.9406897097834264e-05, 'epoch': 0.09}
{'loss': 0.3586, 'grad_norm': 10.557697296142578, 'learning_rate': 1.936730411371105e-05, 'epoch': 0.1}
{'loss': 0.3528, 'grad_norm': 5.40161657333374, 'learning_rate': 1.932771112958784e-05, 'epoch': 0.1}
{'loss': 0.4189, 'grad_norm': 10.273200988769531, 'learning_rate': 1.9288118145464626e-05, 'epoch': 0.11}
{'loss': 0.3347, 'grad_norm': 17.530948638916016, 'learning_rate': 1.924852516134141e-05, 'epoch': 0.11}
{'loss': 0.4012, 'grad_norm': 18.871318817138672, 'learning_rate': 1.9208932177218198e-05, 'epoch': 0.12}
{'loss': 0.3656, 'grad_norm': 55.179073333740234, 'learning_rate': 1.9169339193094983e-05, 'epoch': 0.12}
{'loss': 0.4042, 'grad_norm': 18.748462677001953, 'learning_rate': 1.912974620897177e-05, 'epoch': 0.13}
{'loss': 0.3496, 'grad_norm': 22.16876220703125, 'learning_rate': 1.909015322484856e-05, 'epoch': 0.14}
{'loss': 0.4363, 'grad_norm': 14.251952171325684, 'learning_rate': 1.9050560240725345e-05, 'epoch': 0.14}
{'loss': 0.3281, 'grad_norm': 3.3821280002593994, 'learning_rate': 1.901096725660213e-05, 'epoch': 0.15}
{'loss': 0.3501, 'grad_norm': 15.601285934448242, 'learning_rate': 1.8971374272478917e-05, 'epoch': 0.15}
{'loss': 0.3348, 'grad_norm': 12.583869934082031, 'learning_rate': 1.8931781288355703e-05, 'epoch': 0.16}
{'loss': 0.393, 'grad_norm': 8.951811790466309, 'learning_rate': 1.8892188304232492e-05, 'epoch': 0.17}
{'loss': 0.3297, 'grad_norm': 27.4818058013916, 'learning_rate': 1.8852595320109278e-05, 'epoch': 0.17}
{'loss': 0.3751, 'grad_norm': 1.154876470565796, 'learning_rate': 1.8813002335986067e-05, 'epoch': 0.18}
{'loss': 0.4202, 'grad_norm': 10.254773139953613, 'learning_rate': 1.8773409351862853e-05, 'epoch': 0.18}
{'loss': 0.3537, 'grad_norm': 6.362495422363281, 'learning_rate': 1.873381636773964e-05, 'epoch': 0.19}
{'loss': 0.2989, 'grad_norm': 15.657891273498535, 'learning_rate': 1.8694223383616425e-05, 'epoch': 0.2}
{'loss': 0.3493, 'grad_norm': 9.091362953186035, 'learning_rate': 1.865463039949321e-05, 'epoch': 0.2}
{'loss': 0.3008, 'grad_norm': 14.960755348205566, 'learning_rate': 1.8615037415369997e-05, 'epoch': 0.21}
{'loss': 0.387, 'grad_norm': 24.69908905029297, 'learning_rate': 1.8575444431246786e-05, 'epoch': 0.21}
{'loss': 0.4143, 'grad_norm': 23.888017654418945, 'learning_rate': 1.8535851447123572e-05, 'epoch': 0.22}
{'loss': 0.3472, 'grad_norm': 11.515482902526855, 'learning_rate': 1.849625846300036e-05, 'epoch': 0.23}
{'loss': 0.3076, 'grad_norm': 9.732284545898438, 'learning_rate': 1.8456665478877144e-05, 'epoch': 0.23}
{'loss': 0.3404, 'grad_norm': 24.960771560668945, 'learning_rate': 1.841707249475393e-05, 'epoch': 0.24}
{'loss': 0.3134, 'grad_norm': 0.3855464458465576, 'learning_rate': 1.837747951063072e-05, 'epoch': 0.24}
{'loss': 0.3505, 'grad_norm': 13.852509498596191, 'learning_rate': 1.8337886526507506e-05, 'epoch': 0.25}
{'loss': 0.3884, 'grad_norm': 25.850557327270508, 'learning_rate': 1.829829354238429e-05, 'epoch': 0.26}
{'loss': 0.3664, 'grad_norm': 14.523782730102539, 'learning_rate': 1.8258700558261077e-05, 'epoch': 0.26}
{'loss': 0.311, 'grad_norm': 0.810425877571106, 'learning_rate': 1.8219107574137863e-05, 'epoch': 0.27}
{'loss': 0.2921, 'grad_norm': 15.139033317565918, 'learning_rate': 1.817951459001465e-05, 'epoch': 0.27}
{'loss': 0.3624, 'grad_norm': 37.41421127319336, 'learning_rate': 1.813992160589144e-05, 'epoch': 0.28}
{'loss': 0.3042, 'grad_norm': 32.37186050415039, 'learning_rate': 1.8100328621768225e-05, 'epoch': 0.29}
{'loss': 0.3119, 'grad_norm': 14.150294303894043, 'learning_rate': 1.806073563764501e-05, 'epoch': 0.29}
{'loss': 0.3407, 'grad_norm': 17.886075973510742, 'learning_rate': 1.8021142653521797e-05, 'epoch': 0.3}
{'loss': 0.3199, 'grad_norm': 10.044281005859375, 'learning_rate': 1.7981549669398583e-05, 'epoch': 0.3}
{'loss': 0.2596, 'grad_norm': 14.683930397033691, 'learning_rate': 1.794195668527537e-05, 'epoch': 0.31}
{'loss': 0.2763, 'grad_norm': 20.951156616210938, 'learning_rate': 1.7902363701152158e-05, 'epoch': 0.31}
{'loss': 0.2987, 'grad_norm': 0.18568947911262512, 'learning_rate': 1.7862770717028944e-05, 'epoch': 0.32}
{'loss': 0.3086, 'grad_norm': 2.8173270225524902, 'learning_rate': 1.782317773290573e-05, 'epoch': 0.33}
{'loss': 0.3095, 'grad_norm': 3.3362808227539062, 'learning_rate': 1.7783584748782516e-05, 'epoch': 0.33}
{'loss': 0.3027, 'grad_norm': 68.0051040649414, 'learning_rate': 1.7743991764659302e-05, 'epoch': 0.34}
{'loss': 0.268, 'grad_norm': 4.2952117919921875, 'learning_rate': 1.770439878053609e-05, 'epoch': 0.34}
{'loss': 0.3674, 'grad_norm': 18.75993537902832, 'learning_rate': 1.7664805796412877e-05, 'epoch': 0.35}
{'loss': 0.2914, 'grad_norm': 0.20669876039028168, 'learning_rate': 1.7625212812289663e-05, 'epoch': 0.36}
{'loss': 0.4246, 'grad_norm': 9.56884479522705, 'learning_rate': 1.7585619828166452e-05, 'epoch': 0.36}
{'loss': 0.2828, 'grad_norm': 0.3982680141925812, 'learning_rate': 1.7546026844043238e-05, 'epoch': 0.37}
{'loss': 0.3083, 'grad_norm': 16.277210235595703, 'learning_rate': 1.7506433859920024e-05, 'epoch': 0.37}
{'loss': 0.2938, 'grad_norm': 2.3047854900360107, 'learning_rate': 1.746684087579681e-05, 'epoch': 0.38}
{'loss': 0.3469, 'grad_norm': 3.2653191089630127, 'learning_rate': 1.7427247891673596e-05, 'epoch': 0.39}
{'loss': 0.349, 'grad_norm': 9.376297950744629, 'learning_rate': 1.7387654907550385e-05, 'epoch': 0.39}
{'loss': 0.297, 'grad_norm': 50.10625457763672, 'learning_rate': 1.734806192342717e-05, 'epoch': 0.4}
{'loss': 0.2729, 'grad_norm': 10.682279586791992, 'learning_rate': 1.7308468939303957e-05, 'epoch': 0.4}
{'loss': 0.2921, 'grad_norm': 0.5604138374328613, 'learning_rate': 1.7268875955180743e-05, 'epoch': 0.41}
{'loss': 0.2941, 'grad_norm': 0.2681865692138672, 'learning_rate': 1.722928297105753e-05, 'epoch': 0.42}
{'loss': 0.292, 'grad_norm': 0.9434270262718201, 'learning_rate': 1.718968998693432e-05, 'epoch': 0.42}
{'loss': 0.3728, 'grad_norm': 15.135913848876953, 'learning_rate': 1.7150097002811105e-05, 'epoch': 0.43}
{'loss': 0.3393, 'grad_norm': 7.179465293884277, 'learning_rate': 1.711050401868789e-05, 'epoch': 0.43}
{'loss': 0.3186, 'grad_norm': 16.11903190612793, 'learning_rate': 1.7070911034564677e-05, 'epoch': 0.44}
{'loss': 0.2729, 'grad_norm': 13.891090393066406, 'learning_rate': 1.7031318050441462e-05, 'epoch': 0.45}
{'loss': 0.3626, 'grad_norm': 102.7886734008789, 'learning_rate': 1.699172506631825e-05, 'epoch': 0.45}
{'loss': 0.3339, 'grad_norm': 17.43499755859375, 'learning_rate': 1.6952132082195038e-05, 'epoch': 0.46}
{'loss': 0.365, 'grad_norm': 15.50538158416748, 'learning_rate': 1.6912539098071824e-05, 'epoch': 0.46}
{'loss': 0.2176, 'grad_norm': 2.249507427215576, 'learning_rate': 1.687294611394861e-05, 'epoch': 0.47}
{'loss': 0.3268, 'grad_norm': 0.7646995782852173, 'learning_rate': 1.6833353129825396e-05, 'epoch': 0.48}
{'loss': 0.3508, 'grad_norm': 7.696316242218018, 'learning_rate': 1.679376014570218e-05, 'epoch': 0.48}
{'loss': 0.3497, 'grad_norm': 6.965916156768799, 'learning_rate': 1.6754167161578968e-05, 'epoch': 0.49}
{'loss': 0.292, 'grad_norm': 19.950464248657227, 'learning_rate': 1.6714574177455757e-05, 'epoch': 0.49}
{'loss': 0.3172, 'grad_norm': 11.184103965759277, 'learning_rate': 1.6674981193332543e-05, 'epoch': 0.5}
{'loss': 0.2735, 'grad_norm': 53.51204299926758, 'learning_rate': 1.663538820920933e-05, 'epoch': 0.5}
{'loss': 0.2731, 'grad_norm': 13.987829208374023, 'learning_rate': 1.6595795225086115e-05, 'epoch': 0.51}
{'loss': 0.3099, 'grad_norm': 29.051979064941406, 'learning_rate': 1.65562022409629e-05, 'epoch': 0.52}
{'loss': 0.3225, 'grad_norm': 40.059364318847656, 'learning_rate': 1.651660925683969e-05, 'epoch': 0.52}
{'loss': 0.2852, 'grad_norm': 7.267970561981201, 'learning_rate': 1.6477016272716476e-05, 'epoch': 0.53}
{'loss': 0.2672, 'grad_norm': 6.081849098205566, 'learning_rate': 1.6437423288593262e-05, 'epoch': 0.53}
{'loss': 0.2857, 'grad_norm': 10.512996673583984, 'learning_rate': 1.6397830304470048e-05, 'epoch': 0.54}
{'loss': 0.2656, 'grad_norm': 30.098604202270508, 'learning_rate': 1.6358237320346837e-05, 'epoch': 0.55}
{'loss': 0.2683, 'grad_norm': 88.25048065185547, 'learning_rate': 1.6318644336223623e-05, 'epoch': 0.55}
{'loss': 0.3512, 'grad_norm': 28.231395721435547, 'learning_rate': 1.627905135210041e-05, 'epoch': 0.56}
{'loss': 0.2531, 'grad_norm': 14.336844444274902, 'learning_rate': 1.6239458367977195e-05, 'epoch': 0.56}
{'loss': 0.2559, 'grad_norm': 0.5504396557807922, 'learning_rate': 1.6199865383853985e-05, 'epoch': 0.57}
{'loss': 0.2906, 'grad_norm': 0.26684099435806274, 'learning_rate': 1.616027239973077e-05, 'epoch': 0.58}
{'loss': 0.2408, 'grad_norm': 8.035786628723145, 'learning_rate': 1.6120679415607556e-05, 'epoch': 0.58}
{'loss': 0.324, 'grad_norm': 2.8088340759277344, 'learning_rate': 1.6081086431484342e-05, 'epoch': 0.59}
{'loss': 0.3262, 'grad_norm': 9.063846588134766, 'learning_rate': 1.604149344736113e-05, 'epoch': 0.59}
{'loss': 0.2656, 'grad_norm': 31.031625747680664, 'learning_rate': 1.6001900463237914e-05, 'epoch': 0.6}
{'loss': 0.236, 'grad_norm': 21.418977737426758, 'learning_rate': 1.5962307479114704e-05, 'epoch': 0.61}
{'loss': 0.4143, 'grad_norm': 34.928096771240234, 'learning_rate': 1.592271449499149e-05, 'epoch': 0.61}
{'loss': 0.2542, 'grad_norm': 9.545404434204102, 'learning_rate': 1.5883121510868276e-05, 'epoch': 0.62}
{'loss': 0.3369, 'grad_norm': 7.657172679901123, 'learning_rate': 1.584352852674506e-05, 'epoch': 0.62}
{'loss': 0.2818, 'grad_norm': 0.3713977634906769, 'learning_rate': 1.5803935542621848e-05, 'epoch': 0.63}
{'loss': 0.31, 'grad_norm': 1.9284440279006958, 'learning_rate': 1.5764342558498637e-05, 'epoch': 0.64}
{'loss': 0.2634, 'grad_norm': 51.7916145324707, 'learning_rate': 1.5724749574375423e-05, 'epoch': 0.64}
{'loss': 0.3237, 'grad_norm': 0.5881786346435547, 'learning_rate': 1.568515659025221e-05, 'epoch': 0.65}
{'loss': 0.2774, 'grad_norm': 5.246304035186768, 'learning_rate': 1.5645563606128995e-05, 'epoch': 0.65}
{'loss': 0.2921, 'grad_norm': 13.757186889648438, 'learning_rate': 1.560597062200578e-05, 'epoch': 0.66}
{'loss': 0.263, 'grad_norm': 9.330484390258789, 'learning_rate': 1.5566377637882567e-05, 'epoch': 0.67}
{'loss': 0.2939, 'grad_norm': 1.2626819610595703, 'learning_rate': 1.5526784653759356e-05, 'epoch': 0.67}
{'loss': 0.3412, 'grad_norm': 31.835147857666016, 'learning_rate': 1.5487191669636142e-05, 'epoch': 0.68}
{'loss': 0.3387, 'grad_norm': 0.5243818163871765, 'learning_rate': 1.5447598685512928e-05, 'epoch': 0.68}
{'loss': 0.2545, 'grad_norm': 3.2803852558135986, 'learning_rate': 1.5408005701389714e-05, 'epoch': 0.69}
{'loss': 0.3444, 'grad_norm': 12.752756118774414, 'learning_rate': 1.53684127172665e-05, 'epoch': 0.69}
{'loss': 0.2133, 'grad_norm': 13.916678428649902, 'learning_rate': 1.532881973314329e-05, 'epoch': 0.7}
{'loss': 0.2649, 'grad_norm': 0.6473105549812317, 'learning_rate': 1.5289226749020075e-05, 'epoch': 0.71}
{'loss': 0.2912, 'grad_norm': 22.7027587890625, 'learning_rate': 1.5249633764896861e-05, 'epoch': 0.71}
{'loss': 0.264, 'grad_norm': 10.676057815551758, 'learning_rate': 1.5210040780773647e-05, 'epoch': 0.72}
{'loss': 0.2897, 'grad_norm': 6.8885498046875, 'learning_rate': 1.5170447796650433e-05, 'epoch': 0.72}
{'loss': 0.2262, 'grad_norm': 6.893609523773193, 'learning_rate': 1.513085481252722e-05, 'epoch': 0.73}
{'loss': 0.3241, 'grad_norm': 18.744966506958008, 'learning_rate': 1.5091261828404008e-05, 'epoch': 0.74}
{'loss': 0.2653, 'grad_norm': 2.4692795276641846, 'learning_rate': 1.5051668844280796e-05, 'epoch': 0.74}
{'loss': 0.3513, 'grad_norm': 7.91813850402832, 'learning_rate': 1.5012075860157582e-05, 'epoch': 0.75}
{'loss': 0.2599, 'grad_norm': 26.694664001464844, 'learning_rate': 1.497248287603437e-05, 'epoch': 0.75}
{'loss': 0.2297, 'grad_norm': 0.2515943646430969, 'learning_rate': 1.4932889891911156e-05, 'epoch': 0.76}
{'loss': 0.2306, 'grad_norm': 0.09165379405021667, 'learning_rate': 1.4893296907787941e-05, 'epoch': 0.77}
{'loss': 0.3432, 'grad_norm': 12.054340362548828, 'learning_rate': 1.4853703923664729e-05, 'epoch': 0.77}
{'loss': 0.2482, 'grad_norm': 18.682321548461914, 'learning_rate': 1.4814110939541515e-05, 'epoch': 0.78}
{'loss': 0.274, 'grad_norm': 29.123756408691406, 'learning_rate': 1.4774517955418301e-05, 'epoch': 0.78}
{'loss': 0.2717, 'grad_norm': 28.357818603515625, 'learning_rate': 1.4734924971295089e-05, 'epoch': 0.79}
{'loss': 0.2128, 'grad_norm': 44.1528205871582, 'learning_rate': 1.4695331987171875e-05, 'epoch': 0.8}
{'loss': 0.2583, 'grad_norm': 110.47653198242188, 'learning_rate': 1.465573900304866e-05, 'epoch': 0.8}
{'loss': 0.2971, 'grad_norm': 52.21097183227539, 'learning_rate': 1.4616146018925448e-05, 'epoch': 0.81}
{'loss': 0.3262, 'grad_norm': 18.324539184570312, 'learning_rate': 1.4576553034802234e-05, 'epoch': 0.81}
{'loss': 0.2731, 'grad_norm': 0.4936040937900543, 'learning_rate': 1.453696005067902e-05, 'epoch': 0.82}
{'loss': 0.3053, 'grad_norm': 0.22399432957172394, 'learning_rate': 1.4497367066555808e-05, 'epoch': 0.83}
{'loss': 0.166, 'grad_norm': 26.278141021728516, 'learning_rate': 1.4457774082432594e-05, 'epoch': 0.83}
{'loss': 0.2783, 'grad_norm': 5.20613956451416, 'learning_rate': 1.4418181098309381e-05, 'epoch': 0.84}
{'loss': 0.283, 'grad_norm': 55.01238250732422, 'learning_rate': 1.4378588114186167e-05, 'epoch': 0.84}
{'loss': 0.2801, 'grad_norm': 41.88346481323242, 'learning_rate': 1.4338995130062953e-05, 'epoch': 0.85}
{'loss': 0.2367, 'grad_norm': 1.155808448791504, 'learning_rate': 1.4299402145939741e-05, 'epoch': 0.86}
{'loss': 0.3139, 'grad_norm': 0.4898841679096222, 'learning_rate': 1.4259809161816527e-05, 'epoch': 0.86}
{'loss': 0.1875, 'grad_norm': 0.32380232214927673, 'learning_rate': 1.4220216177693313e-05, 'epoch': 0.87}
{'loss': 0.2623, 'grad_norm': 0.11184445023536682, 'learning_rate': 1.41806231935701e-05, 'epoch': 0.87}
{'loss': 0.2941, 'grad_norm': 0.2077290564775467, 'learning_rate': 1.4141030209446887e-05, 'epoch': 0.88}
{'loss': 0.2726, 'grad_norm': 0.45715487003326416, 'learning_rate': 1.4101437225323672e-05, 'epoch': 0.88}
{'loss': 0.2792, 'grad_norm': 0.25615692138671875, 'learning_rate': 1.406184424120046e-05, 'epoch': 0.89}
{'loss': 0.2864, 'grad_norm': 0.6577553749084473, 'learning_rate': 1.4022251257077246e-05, 'epoch': 0.9}
{'loss': 0.2509, 'grad_norm': 6.285371780395508, 'learning_rate': 1.3982658272954032e-05, 'epoch': 0.9}
{'loss': 0.3169, 'grad_norm': 2.4979424476623535, 'learning_rate': 1.394306528883082e-05, 'epoch': 0.91}
{'loss': 0.2421, 'grad_norm': 24.36041259765625, 'learning_rate': 1.3903472304707606e-05, 'epoch': 0.91}
{'loss': 0.2733, 'grad_norm': 7.546220302581787, 'learning_rate': 1.3863879320584395e-05, 'epoch': 0.92}
{'loss': 0.1486, 'grad_norm': 0.18441462516784668, 'learning_rate': 1.3824286336461181e-05, 'epoch': 0.93}
{'loss': 0.249, 'grad_norm': 10.014070510864258, 'learning_rate': 1.3784693352337969e-05, 'epoch': 0.93}
{'loss': 0.3036, 'grad_norm': 1.4946322441101074, 'learning_rate': 1.3745100368214755e-05, 'epoch': 0.94}
{'loss': 0.2231, 'grad_norm': 0.06902314722537994, 'learning_rate': 1.370550738409154e-05, 'epoch': 0.94}
{'loss': 0.259, 'grad_norm': 11.753218650817871, 'learning_rate': 1.3665914399968328e-05, 'epoch': 0.95}
{'loss': 0.257, 'grad_norm': 32.55208969116211, 'learning_rate': 1.3626321415845114e-05, 'epoch': 0.96}
{'loss': 0.2894, 'grad_norm': 0.9520481824874878, 'learning_rate': 1.35867284317219e-05, 'epoch': 0.96}
{'loss': 0.2949, 'grad_norm': 1.22494375705719, 'learning_rate': 1.3547135447598688e-05, 'epoch': 0.97}
{'loss': 0.1931, 'grad_norm': 0.22150258719921112, 'learning_rate': 1.3507542463475474e-05, 'epoch': 0.97}
{'loss': 0.2183, 'grad_norm': 1.132755994796753, 'learning_rate': 1.346794947935226e-05, 'epoch': 0.98}
{'loss': 0.1905, 'grad_norm': 0.12019342929124832, 'learning_rate': 1.3428356495229047e-05, 'epoch': 0.99}
{'loss': 0.2299, 'grad_norm': 1.8897005319595337, 'learning_rate': 1.3388763511105833e-05, 'epoch': 0.99}
{'loss': 0.2922, 'grad_norm': 6.618159294128418, 'learning_rate': 1.334917052698262e-05, 'epoch': 1.0}
Non-default generation parameters: {'early_stopping': True, 'num_beams': 4, 'no_repeat_ngram_size': 3, 'forced_bos_token_id': 0}
{'eval_loss': 0.4285649359226227, 'eval_accuracy': 0.9036697247706422, 'eval_runtime': 1.5873, 'eval_samples_per_second': 549.373, 'eval_steps_per_second': 68.672, 'epoch': 1.0}
  warnings.warn(
                                                       
{'loss': 0.2594, 'grad_norm': 23.78655242919922, 'learning_rate': 1.3309577542859407e-05, 'epoch': 1.0}
{'loss': 0.2624, 'grad_norm': 17.301937103271484, 'learning_rate': 1.3269984558736193e-05, 'epoch': 1.01}
{'loss': 0.1991, 'grad_norm': 14.9357271194458, 'learning_rate': 1.3230391574612979e-05, 'epoch': 1.02}
{'loss': 0.2211, 'grad_norm': 0.27552953362464905, 'learning_rate': 1.3190798590489766e-05, 'epoch': 1.02}
{'loss': 0.2722, 'grad_norm': 57.41610336303711, 'learning_rate': 1.3151205606366552e-05, 'epoch': 1.03}
{'loss': 0.2106, 'grad_norm': 0.13963545858860016, 'learning_rate': 1.311161262224334e-05, 'epoch': 1.03}
{'loss': 0.2945, 'grad_norm': 6.3016276359558105, 'learning_rate': 1.3072019638120126e-05, 'epoch': 1.04}
{'loss': 0.1946, 'grad_norm': 27.29949378967285, 'learning_rate': 1.3032426653996912e-05, 'epoch': 1.05}
{'loss': 0.2192, 'grad_norm': 0.1190071627497673, 'learning_rate': 1.29928336698737e-05, 'epoch': 1.05}
{'loss': 0.2687, 'grad_norm': 0.1440982222557068, 'learning_rate': 1.2953240685750486e-05, 'epoch': 1.06}
{'loss': 0.1844, 'grad_norm': 62.9739875793457, 'learning_rate': 1.2913647701627272e-05, 'epoch': 1.06}
{'loss': 0.2027, 'grad_norm': 12.151876449584961, 'learning_rate': 1.287405471750406e-05, 'epoch': 1.07}
{'loss': 0.2543, 'grad_norm': 25.30718231201172, 'learning_rate': 1.2834461733380845e-05, 'epoch': 1.07}
{'loss': 0.1508, 'grad_norm': 0.31899580359458923, 'learning_rate': 1.2794868749257631e-05, 'epoch': 1.08}
{'loss': 0.1914, 'grad_norm': 0.6754382848739624, 'learning_rate': 1.2755275765134419e-05, 'epoch': 1.09}
{'loss': 0.2592, 'grad_norm': 70.2337417602539, 'learning_rate': 1.2715682781011205e-05, 'epoch': 1.09}
{'loss': 0.1507, 'grad_norm': 16.66718864440918, 'learning_rate': 1.267608979688799e-05, 'epoch': 1.1}
{'loss': 0.1753, 'grad_norm': 0.01571895182132721, 'learning_rate': 1.2636496812764778e-05, 'epoch': 1.1}
{'loss': 0.2087, 'grad_norm': 11.035343170166016, 'learning_rate': 1.2596903828641566e-05, 'epoch': 1.11}
{'loss': 0.1573, 'grad_norm': 3.7824954986572266, 'learning_rate': 1.2557310844518354e-05, 'epoch': 1.12}
{'loss': 0.2799, 'grad_norm': 15.20196533203125, 'learning_rate': 1.251771786039514e-05, 'epoch': 1.12}
{'loss': 0.1778, 'grad_norm': 0.04091951996088028, 'learning_rate': 1.2478124876271927e-05, 'epoch': 1.13}
{'loss': 0.175, 'grad_norm': 4.193198204040527, 'learning_rate': 1.2438531892148713e-05, 'epoch': 1.13}
{'loss': 0.1893, 'grad_norm': 23.351177215576172, 'learning_rate': 1.23989389080255e-05, 'epoch': 1.14}
{'loss': 0.2777, 'grad_norm': 7.073048114776611, 'learning_rate': 1.2359345923902287e-05, 'epoch': 1.15}
{'loss': 0.1754, 'grad_norm': 5.9801177978515625, 'learning_rate': 1.2319752939779073e-05, 'epoch': 1.15}
{'loss': 0.1908, 'grad_norm': 1.6650639772415161, 'learning_rate': 1.2280159955655859e-05, 'epoch': 1.16}
{'loss': 0.2367, 'grad_norm': 5.788697242736816, 'learning_rate': 1.2240566971532646e-05, 'epoch': 1.16}
{'loss': 0.2478, 'grad_norm': 21.80673599243164, 'learning_rate': 1.2200973987409432e-05, 'epoch': 1.17}
{'loss': 0.2041, 'grad_norm': 0.29959186911582947, 'learning_rate': 1.2161381003286218e-05, 'epoch': 1.18}
{'loss': 0.1897, 'grad_norm': 87.93834686279297, 'learning_rate': 1.2121788019163006e-05, 'epoch': 1.18}
{'loss': 0.2328, 'grad_norm': 6.933229446411133, 'learning_rate': 1.2082195035039792e-05, 'epoch': 1.19}
{'loss': 0.1761, 'grad_norm': 27.782209396362305, 'learning_rate': 1.2042602050916578e-05, 'epoch': 1.19}
{'loss': 0.1983, 'grad_norm': 20.337642669677734, 'learning_rate': 1.2003009066793366e-05, 'epoch': 1.2}
{'loss': 0.2144, 'grad_norm': 13.972030639648438, 'learning_rate': 1.1963416082670151e-05, 'epoch': 1.21}
{'loss': 0.2087, 'grad_norm': 14.049108505249023, 'learning_rate': 1.1923823098546939e-05, 'epoch': 1.21}
{'loss': 0.1849, 'grad_norm': 0.29027968645095825, 'learning_rate': 1.1884230114423725e-05, 'epoch': 1.22}
{'loss': 0.187, 'grad_norm': 0.09128350019454956, 'learning_rate': 1.1844637130300511e-05, 'epoch': 1.22}
{'loss': 0.2254, 'grad_norm': 0.1184065192937851, 'learning_rate': 1.1805044146177299e-05, 'epoch': 1.23}
{'loss': 0.2015, 'grad_norm': 65.41608428955078, 'learning_rate': 1.1765451162054085e-05, 'epoch': 1.24}
{'loss': 0.2108, 'grad_norm': 5.653140068054199, 'learning_rate': 1.172585817793087e-05, 'epoch': 1.24}
{'loss': 0.2422, 'grad_norm': 0.20521068572998047, 'learning_rate': 1.1686265193807658e-05, 'epoch': 1.25}
{'loss': 0.2489, 'grad_norm': 0.6606935858726501, 'learning_rate': 1.1646672209684444e-05, 'epoch': 1.25}
{'loss': 0.2349, 'grad_norm': 0.10425671935081482, 'learning_rate': 1.160707922556123e-05, 'epoch': 1.26}
{'loss': 0.1659, 'grad_norm': 0.034321341663599014, 'learning_rate': 1.1567486241438018e-05, 'epoch': 1.26}
{'loss': 0.2337, 'grad_norm': 38.79119873046875, 'learning_rate': 1.1527893257314804e-05, 'epoch': 1.27}
{'loss': 0.1976, 'grad_norm': 1.9079563617706299, 'learning_rate': 1.148830027319159e-05, 'epoch': 1.28}
{'loss': 0.1853, 'grad_norm': 44.214622497558594, 'learning_rate': 1.1448707289068377e-05, 'epoch': 1.28}
{'loss': 0.1478, 'grad_norm': 0.04680737853050232, 'learning_rate': 1.1409114304945163e-05, 'epoch': 1.29}
{'loss': 0.3618, 'grad_norm': 10.242450714111328, 'learning_rate': 1.1369521320821953e-05, 'epoch': 1.29}
{'loss': 0.2301, 'grad_norm': 0.09383432567119598, 'learning_rate': 1.1329928336698739e-05, 'epoch': 1.3}
{'loss': 0.1908, 'grad_norm': 4.313663005828857, 'learning_rate': 1.1290335352575526e-05, 'epoch': 1.31}
{'loss': 0.2896, 'grad_norm': 0.43788984417915344, 'learning_rate': 1.1250742368452312e-05, 'epoch': 1.31}
{'loss': 0.1884, 'grad_norm': 50.76884460449219, 'learning_rate': 1.1211149384329098e-05, 'epoch': 1.32}
{'loss': 0.2471, 'grad_norm': 6.557703495025635, 'learning_rate': 1.1171556400205886e-05, 'epoch': 1.32}
{'loss': 0.1117, 'grad_norm': 0.36249929666519165, 'learning_rate': 1.1131963416082672e-05, 'epoch': 1.33}
{'loss': 0.2731, 'grad_norm': 30.034507751464844, 'learning_rate': 1.1092370431959458e-05, 'epoch': 1.34}
{'loss': 0.2467, 'grad_norm': 0.05462248623371124, 'learning_rate': 1.1052777447836245e-05, 'epoch': 1.34}
{'loss': 0.203, 'grad_norm': 10.760226249694824, 'learning_rate': 1.1013184463713031e-05, 'epoch': 1.35}
{'loss': 0.1565, 'grad_norm': 48.49201202392578, 'learning_rate': 1.0973591479589817e-05, 'epoch': 1.35}
{'loss': 0.205, 'grad_norm': 0.41721951961517334, 'learning_rate': 1.0933998495466605e-05, 'epoch': 1.36}
{'loss': 0.2327, 'grad_norm': 0.19155900180339813, 'learning_rate': 1.0894405511343391e-05, 'epoch': 1.37}
{'loss': 0.2201, 'grad_norm': 50.82513427734375, 'learning_rate': 1.0854812527220177e-05, 'epoch': 1.37}
{'loss': 0.1216, 'grad_norm': 1.0352180004119873, 'learning_rate': 1.0815219543096965e-05, 'epoch': 1.38}
{'loss': 0.193, 'grad_norm': 0.7045928835868835, 'learning_rate': 1.077562655897375e-05, 'epoch': 1.38}
{'loss': 0.2005, 'grad_norm': 0.06350337713956833, 'learning_rate': 1.0736033574850537e-05, 'epoch': 1.39}
{'loss': 0.1719, 'grad_norm': 0.23045934736728668, 'learning_rate': 1.0696440590727324e-05, 'epoch': 1.4}
{'loss': 0.2434, 'grad_norm': 0.05052633583545685, 'learning_rate': 1.065684760660411e-05, 'epoch': 1.4}
{'loss': 0.2648, 'grad_norm': 30.340242385864258, 'learning_rate': 1.0617254622480898e-05, 'epoch': 1.41}
{'loss': 0.2059, 'grad_norm': 1.9279865026474, 'learning_rate': 1.0577661638357684e-05, 'epoch': 1.41}
{'loss': 0.1979, 'grad_norm': 2.3865301609039307, 'learning_rate': 1.053806865423447e-05, 'epoch': 1.42}
{'loss': 0.1774, 'grad_norm': 8.97418212890625, 'learning_rate': 1.0498475670111257e-05, 'epoch': 1.43}
{'loss': 0.2067, 'grad_norm': 0.517048716545105, 'learning_rate': 1.0458882685988043e-05, 'epoch': 1.43}
{'loss': 0.1458, 'grad_norm': 87.67638397216797, 'learning_rate': 1.041928970186483e-05, 'epoch': 1.44}
{'loss': 0.2008, 'grad_norm': 64.93763732910156, 'learning_rate': 1.0379696717741617e-05, 'epoch': 1.44}
{'loss': 0.1993, 'grad_norm': 0.19489522278308868, 'learning_rate': 1.0340103733618403e-05, 'epoch': 1.45}
{'loss': 0.1915, 'grad_norm': 0.35562360286712646, 'learning_rate': 1.0300510749495189e-05, 'epoch': 1.46}
{'loss': 0.2275, 'grad_norm': 17.259950637817383, 'learning_rate': 1.0260917765371976e-05, 'epoch': 1.46}
{'loss': 0.177, 'grad_norm': 0.21791446208953857, 'learning_rate': 1.0221324781248762e-05, 'epoch': 1.47}
{'loss': 0.1814, 'grad_norm': 0.1431589275598526, 'learning_rate': 1.0181731797125548e-05, 'epoch': 1.47}
{'loss': 0.2446, 'grad_norm': 0.30652356147766113, 'learning_rate': 1.0142138813002336e-05, 'epoch': 1.48}
{'loss': 0.1989, 'grad_norm': 0.14433594048023224, 'learning_rate': 1.0102545828879124e-05, 'epoch': 1.48}
{'loss': 0.1356, 'grad_norm': 0.3930644989013672, 'learning_rate': 1.0062952844755911e-05, 'epoch': 1.49}
{'loss': 0.2436, 'grad_norm': 0.72434002161026, 'learning_rate': 1.0023359860632697e-05, 'epoch': 1.5}
{'loss': 0.2281, 'grad_norm': 37.829769134521484, 'learning_rate': 9.983766876509483e-06, 'epoch': 1.5}
{'loss': 0.2006, 'grad_norm': 24.47673988342285, 'learning_rate': 9.94417389238627e-06, 'epoch': 1.51}
{'loss': 0.165, 'grad_norm': 0.49048498272895813, 'learning_rate': 9.904580908263057e-06, 'epoch': 1.51}
{'loss': 0.2109, 'grad_norm': 23.48554801940918, 'learning_rate': 9.864987924139843e-06, 'epoch': 1.52}
{'loss': 0.2095, 'grad_norm': 11.110487937927246, 'learning_rate': 9.82539494001663e-06, 'epoch': 1.53}
{'loss': 0.221, 'grad_norm': 94.65843200683594, 'learning_rate': 9.785801955893416e-06, 'epoch': 1.53}
{'loss': 0.2124, 'grad_norm': 0.05044124647974968, 'learning_rate': 9.746208971770204e-06, 'epoch': 1.54}
{'loss': 0.2563, 'grad_norm': 0.9252049922943115, 'learning_rate': 9.70661598764699e-06, 'epoch': 1.54}
{'loss': 0.1716, 'grad_norm': 0.12562808394432068, 'learning_rate': 9.667023003523776e-06, 'epoch': 1.55}
{'loss': 0.2127, 'grad_norm': 0.8278132081031799, 'learning_rate': 9.627430019400564e-06, 'epoch': 1.56}
{'loss': 0.1012, 'grad_norm': 91.91261291503906, 'learning_rate': 9.58783703527735e-06, 'epoch': 1.56}
{'loss': 0.1573, 'grad_norm': 83.95405578613281, 'learning_rate': 9.548244051154136e-06, 'epoch': 1.57}
{'loss': 0.2272, 'grad_norm': 0.54111248254776, 'learning_rate': 9.508651067030923e-06, 'epoch': 1.57}
{'loss': 0.2834, 'grad_norm': 26.28830909729004, 'learning_rate': 9.46905808290771e-06, 'epoch': 1.58}
{'loss': 0.177, 'grad_norm': 4.92391300201416, 'learning_rate': 9.429465098784497e-06, 'epoch': 1.59}
{'loss': 0.1784, 'grad_norm': 10.529186248779297, 'learning_rate': 9.389872114661283e-06, 'epoch': 1.59}
{'loss': 0.1079, 'grad_norm': 30.339305877685547, 'learning_rate': 9.350279130538069e-06, 'epoch': 1.6}
{'loss': 0.1661, 'grad_norm': 30.315038681030273, 'learning_rate': 9.310686146414856e-06, 'epoch': 1.6}
{'loss': 0.3102, 'grad_norm': 17.721101760864258, 'learning_rate': 9.271093162291642e-06, 'epoch': 1.61}
{'loss': 0.2552, 'grad_norm': 0.37908318638801575, 'learning_rate': 9.231500178168428e-06, 'epoch': 1.62}
{'loss': 0.1217, 'grad_norm': 2.997789144515991, 'learning_rate': 9.191907194045216e-06, 'epoch': 1.62}
{'loss': 0.2643, 'grad_norm': 5.362873077392578, 'learning_rate': 9.152314209922004e-06, 'epoch': 1.63}
{'loss': 0.195, 'grad_norm': 12.687175750732422, 'learning_rate': 9.11272122579879e-06, 'epoch': 1.63}
{'loss': 0.1714, 'grad_norm': 0.09871374070644379, 'learning_rate': 9.073128241675576e-06, 'epoch': 1.64}
{'loss': 0.1822, 'grad_norm': 0.019551660865545273, 'learning_rate': 9.033535257552363e-06, 'epoch': 1.65}
{'loss': 0.2226, 'grad_norm': 0.263090580701828, 'learning_rate': 8.993942273429149e-06, 'epoch': 1.65}
{'loss': 0.2054, 'grad_norm': 0.11172617971897125, 'learning_rate': 8.954349289305935e-06, 'epoch': 1.66}
{'loss': 0.2332, 'grad_norm': 0.13546231389045715, 'learning_rate': 8.914756305182723e-06, 'epoch': 1.66}
{'loss': 0.1494, 'grad_norm': 0.3089931309223175, 'learning_rate': 8.875163321059509e-06, 'epoch': 1.67}
{'loss': 0.1246, 'grad_norm': 0.43053603172302246, 'learning_rate': 8.835570336936295e-06, 'epoch': 1.67}
{'loss': 0.1762, 'grad_norm': 0.22339165210723877, 'learning_rate': 8.795977352813082e-06, 'epoch': 1.68}
{'loss': 0.1424, 'grad_norm': 112.94963836669922, 'learning_rate': 8.756384368689868e-06, 'epoch': 1.69}
{'loss': 0.2642, 'grad_norm': 7.8259453773498535, 'learning_rate': 8.716791384566656e-06, 'epoch': 1.69}
{'loss': 0.2436, 'grad_norm': 7.2089619636535645, 'learning_rate': 8.677198400443442e-06, 'epoch': 1.7}
{'loss': 0.1541, 'grad_norm': 0.2069081813097, 'learning_rate': 8.637605416320228e-06, 'epoch': 1.7}
{'loss': 0.2045, 'grad_norm': 6.469181537628174, 'learning_rate': 8.598012432197016e-06, 'epoch': 1.71}
{'loss': 0.1618, 'grad_norm': 0.25267913937568665, 'learning_rate': 8.558419448073803e-06, 'epoch': 1.72}
{'loss': 0.1595, 'grad_norm': 0.9336278438568115, 'learning_rate': 8.518826463950589e-06, 'epoch': 1.72}
{'loss': 0.2212, 'grad_norm': 0.08620566874742508, 'learning_rate': 8.479233479827375e-06, 'epoch': 1.73}
{'loss': 0.1693, 'grad_norm': 44.39236831665039, 'learning_rate': 8.439640495704163e-06, 'epoch': 1.73}
{'loss': 0.1811, 'grad_norm': 0.05336983874440193, 'learning_rate': 8.400047511580949e-06, 'epoch': 1.74}
{'loss': 0.1855, 'grad_norm': 35.22190856933594, 'learning_rate': 8.360454527457735e-06, 'epoch': 1.75}
{'loss': 0.1812, 'grad_norm': 7.186098575592041, 'learning_rate': 8.320861543334522e-06, 'epoch': 1.75}
{'loss': 0.145, 'grad_norm': 0.24789385497570038, 'learning_rate': 8.281268559211308e-06, 'epoch': 1.76}
{'loss': 0.1904, 'grad_norm': 0.1157398372888565, 'learning_rate': 8.241675575088094e-06, 'epoch': 1.76}
{'loss': 0.1922, 'grad_norm': 20.240039825439453, 'learning_rate': 8.202082590964882e-06, 'epoch': 1.77}
{'loss': 0.2268, 'grad_norm': 9.1078462600708, 'learning_rate': 8.162489606841668e-06, 'epoch': 1.78}
{'loss': 0.1617, 'grad_norm': 0.11177384853363037, 'learning_rate': 8.122896622718455e-06, 'epoch': 1.78}
{'loss': 0.2243, 'grad_norm': 16.48000717163086, 'learning_rate': 8.083303638595241e-06, 'epoch': 1.79}
{'loss': 0.2114, 'grad_norm': 0.03991474211215973, 'learning_rate': 8.043710654472027e-06, 'epoch': 1.79}
{'loss': 0.1432, 'grad_norm': 6.766530513763428, 'learning_rate': 8.004117670348815e-06, 'epoch': 1.8}
{'loss': 0.1887, 'grad_norm': 2.3707199096679688, 'learning_rate': 7.964524686225601e-06, 'epoch': 1.81}
{'loss': 0.2092, 'grad_norm': 10.414481163024902, 'learning_rate': 7.924931702102389e-06, 'epoch': 1.81}
{'loss': 0.2144, 'grad_norm': 4.681306838989258, 'learning_rate': 7.885338717979175e-06, 'epoch': 1.82}
{'loss': 0.1856, 'grad_norm': 48.906612396240234, 'learning_rate': 7.845745733855962e-06, 'epoch': 1.82}
{'loss': 0.2361, 'grad_norm': 0.2054499089717865, 'learning_rate': 7.806152749732748e-06, 'epoch': 1.83}
{'loss': 0.2296, 'grad_norm': 0.3106505870819092, 'learning_rate': 7.766559765609534e-06, 'epoch': 1.84}
{'loss': 0.1723, 'grad_norm': 0.44617119431495667, 'learning_rate': 7.726966781486322e-06, 'epoch': 1.84}
{'loss': 0.1621, 'grad_norm': 0.029616903513669968, 'learning_rate': 7.687373797363108e-06, 'epoch': 1.85}
{'loss': 0.163, 'grad_norm': 0.45917168259620667, 'learning_rate': 7.647780813239894e-06, 'epoch': 1.85}
{'loss': 0.2052, 'grad_norm': 0.20781050622463226, 'learning_rate': 7.608187829116681e-06, 'epoch': 1.86}
{'loss': 0.2144, 'grad_norm': 7.018863201141357, 'learning_rate': 7.568594844993467e-06, 'epoch': 1.86}
{'loss': 0.212, 'grad_norm': 0.12992596626281738, 'learning_rate': 7.529001860870254e-06, 'epoch': 1.87}
{'loss': 0.1766, 'grad_norm': 0.1871573030948639, 'learning_rate': 7.489408876747041e-06, 'epoch': 1.88}
{'loss': 0.1879, 'grad_norm': 7.824918746948242, 'learning_rate': 7.449815892623827e-06, 'epoch': 1.88}
{'loss': 0.2922, 'grad_norm': 0.2147975116968155, 'learning_rate': 7.410222908500614e-06, 'epoch': 1.89}
{'loss': 0.1534, 'grad_norm': 1.7699332237243652, 'learning_rate': 7.3706299243774005e-06, 'epoch': 1.89}
{'loss': 0.1399, 'grad_norm': 0.2366328239440918, 'learning_rate': 7.331036940254188e-06, 'epoch': 1.9}
{'loss': 0.26, 'grad_norm': 0.10769538581371307, 'learning_rate': 7.291443956130975e-06, 'epoch': 1.91}
{'loss': 0.1933, 'grad_norm': 104.96417236328125, 'learning_rate': 7.251850972007761e-06, 'epoch': 1.91}
{'loss': 0.2844, 'grad_norm': 0.15040038526058197, 'learning_rate': 7.212257987884548e-06, 'epoch': 1.92}
{'loss': 0.2162, 'grad_norm': 0.07426555454730988, 'learning_rate': 7.1726650037613346e-06, 'epoch': 1.92}
{'loss': 0.1441, 'grad_norm': 17.379322052001953, 'learning_rate': 7.1330720196381205e-06, 'epoch': 1.93}
{'loss': 0.1111, 'grad_norm': 0.15257452428340912, 'learning_rate': 7.093479035514907e-06, 'epoch': 1.94}
{'loss': 0.2267, 'grad_norm': 10.29531192779541, 'learning_rate': 7.053886051391694e-06, 'epoch': 1.94}
{'loss': 0.1654, 'grad_norm': 0.08167722076177597, 'learning_rate': 7.014293067268481e-06, 'epoch': 1.95}
{'loss': 0.1735, 'grad_norm': 9.682303428649902, 'learning_rate': 6.974700083145267e-06, 'epoch': 1.95}
{'loss': 0.181, 'grad_norm': 49.471168518066406, 'learning_rate': 6.935107099022054e-06, 'epoch': 1.96}
{'loss': 0.1336, 'grad_norm': 2.9513866901397705, 'learning_rate': 6.8955141148988405e-06, 'epoch': 1.97}
{'loss': 0.1994, 'grad_norm': 24.84581184387207, 'learning_rate': 6.8559211307756264e-06, 'epoch': 1.97}
{'loss': 0.1905, 'grad_norm': 0.3518085479736328, 'learning_rate': 6.816328146652413e-06, 'epoch': 1.98}
{'loss': 0.2698, 'grad_norm': 0.21893787384033203, 'learning_rate': 6.7767351625292e-06, 'epoch': 1.98}
{'loss': 0.1668, 'grad_norm': 0.18885090947151184, 'learning_rate': 6.737142178405987e-06, 'epoch': 1.99}
{'loss': 0.1219, 'grad_norm': 13.251461029052734, 'learning_rate': 6.6975491942827745e-06, 'epoch': 2.0}
Non-default generation parameters: {'early_stopping': True, 'num_beams': 4, 'no_repeat_ngram_size': 3, 'forced_bos_token_id': 0}
{'eval_loss': 0.35456112027168274, 'eval_accuracy': 0.9277522935779816, 'eval_runtime': 1.4924, 'eval_samples_per_second': 584.284, 'eval_steps_per_second': 73.036, 'epoch': 2.0}
  warnings.warn(
                                                       
{'loss': 0.182, 'grad_norm': 0.25982382893562317, 'learning_rate': 6.6579562101595605e-06, 'epoch': 2.0}
{'loss': 0.1439, 'grad_norm': 13.551168441772461, 'learning_rate': 6.618363226036347e-06, 'epoch': 2.01}
{'loss': 0.1922, 'grad_norm': 0.15437191724777222, 'learning_rate': 6.578770241913134e-06, 'epoch': 2.01}
{'loss': 0.0997, 'grad_norm': 0.04389174282550812, 'learning_rate': 6.53917725778992e-06, 'epoch': 2.02}
{'loss': 0.1408, 'grad_norm': 0.8084042072296143, 'learning_rate': 6.499584273666707e-06, 'epoch': 2.03}
{'loss': 0.1889, 'grad_norm': 0.14140066504478455, 'learning_rate': 6.459991289543494e-06, 'epoch': 2.03}
{'loss': 0.1438, 'grad_norm': 73.4215316772461, 'learning_rate': 6.4203983054202805e-06, 'epoch': 2.04}
{'loss': 0.1229, 'grad_norm': 0.08451168984174728, 'learning_rate': 6.380805321297066e-06, 'epoch': 2.04}
{'loss': 0.1379, 'grad_norm': 13.892751693725586, 'learning_rate': 6.341212337173853e-06, 'epoch': 2.05}
{'loss': 0.1672, 'grad_norm': 0.08978978544473648, 'learning_rate': 6.30161935305064e-06, 'epoch': 2.05}
{'loss': 0.1248, 'grad_norm': 15.825945854187012, 'learning_rate': 6.262026368927426e-06, 'epoch': 2.06}
{'loss': 0.1064, 'grad_norm': 0.566704273223877, 'learning_rate': 6.222433384804213e-06, 'epoch': 2.07}
{'loss': 0.0917, 'grad_norm': 0.05549975857138634, 'learning_rate': 6.182840400681e-06, 'epoch': 2.07}
{'loss': 0.215, 'grad_norm': 0.025420699268579483, 'learning_rate': 6.143247416557786e-06, 'epoch': 2.08}
{'loss': 0.1475, 'grad_norm': 1.2880237102508545, 'learning_rate': 6.103654432434572e-06, 'epoch': 2.08}
{'loss': 0.1597, 'grad_norm': 0.023907970637083054, 'learning_rate': 6.06406144831136e-06, 'epoch': 2.09}
{'loss': 0.1017, 'grad_norm': 0.2678869068622589, 'learning_rate': 6.024468464188147e-06, 'epoch': 2.1}
{'loss': 0.1435, 'grad_norm': 0.0970749706029892, 'learning_rate': 5.984875480064934e-06, 'epoch': 2.1}
{'loss': 0.1803, 'grad_norm': 0.1292700469493866, 'learning_rate': 5.9452824959417196e-06, 'epoch': 2.11}
{'loss': 0.0907, 'grad_norm': 0.026320233941078186, 'learning_rate': 5.905689511818506e-06, 'epoch': 2.11}
{'loss': 0.1761, 'grad_norm': 15.323616981506348, 'learning_rate': 5.866096527695293e-06, 'epoch': 2.12}
{'loss': 0.2266, 'grad_norm': 0.31758564710617065, 'learning_rate': 5.82650354357208e-06, 'epoch': 2.13}
{'loss': 0.1749, 'grad_norm': 0.37810367345809937, 'learning_rate': 5.786910559448866e-06, 'epoch': 2.13}
{'loss': 0.1404, 'grad_norm': 0.2418680340051651, 'learning_rate': 5.747317575325653e-06, 'epoch': 2.14}
{'loss': 0.1412, 'grad_norm': 48.68820571899414, 'learning_rate': 5.7077245912024396e-06, 'epoch': 2.14}
{'loss': 0.1513, 'grad_norm': 0.121792271733284, 'learning_rate': 5.6681316070792255e-06, 'epoch': 2.15}
{'loss': 0.1459, 'grad_norm': 0.046688660979270935, 'learning_rate': 5.628538622956012e-06, 'epoch': 2.16}
{'loss': 0.1197, 'grad_norm': 0.36216941475868225, 'learning_rate': 5.588945638832799e-06, 'epoch': 2.16}
{'loss': 0.1742, 'grad_norm': 6.582157135009766, 'learning_rate': 5.549352654709586e-06, 'epoch': 2.17}
{'loss': 0.1697, 'grad_norm': 0.08344109356403351, 'learning_rate': 5.509759670586372e-06, 'epoch': 2.17}
{'loss': 0.1767, 'grad_norm': 52.45621109008789, 'learning_rate': 5.470166686463159e-06, 'epoch': 2.18}
{'loss': 0.1263, 'grad_norm': 6.919182777404785, 'learning_rate': 5.430573702339946e-06, 'epoch': 2.19}
{'loss': 0.1419, 'grad_norm': 0.05569278448820114, 'learning_rate': 5.390980718216733e-06, 'epoch': 2.19}
{'loss': 0.1274, 'grad_norm': 0.10219020396471024, 'learning_rate': 5.351387734093519e-06, 'epoch': 2.2}
{'loss': 0.2246, 'grad_norm': 0.06912727653980255, 'learning_rate': 5.311794749970306e-06, 'epoch': 2.2}
{'loss': 0.1859, 'grad_norm': 0.31035417318344116, 'learning_rate': 5.272201765847093e-06, 'epoch': 2.21}
{'loss': 0.1459, 'grad_norm': 32.1959114074707, 'learning_rate': 5.232608781723879e-06, 'epoch': 2.22}
{'loss': 0.1689, 'grad_norm': 42.50910568237305, 'learning_rate': 5.1930157976006655e-06, 'epoch': 2.22}
{'loss': 0.1544, 'grad_norm': 0.1667236089706421, 'learning_rate': 5.153422813477452e-06, 'epoch': 2.23}
{'loss': 0.1246, 'grad_norm': 0.41754770278930664, 'learning_rate': 5.113829829354239e-06, 'epoch': 2.23}
{'loss': 0.1283, 'grad_norm': 0.053306594491004944, 'learning_rate': 5.074236845231025e-06, 'epoch': 2.24}
{'loss': 0.1282, 'grad_norm': 13.467785835266113, 'learning_rate': 5.034643861107812e-06, 'epoch': 2.24}
{'loss': 0.1047, 'grad_norm': 0.06884355843067169, 'learning_rate': 4.995050876984599e-06, 'epoch': 2.25}
{'loss': 0.1619, 'grad_norm': 0.06029200181365013, 'learning_rate': 4.9554578928613855e-06, 'epoch': 2.26}
{'loss': 0.2455, 'grad_norm': 8.079032897949219, 'learning_rate': 4.915864908738172e-06, 'epoch': 2.26}
{'loss': 0.1527, 'grad_norm': 0.1292395442724228, 'learning_rate': 4.876271924614959e-06, 'epoch': 2.27}
{'loss': 0.1005, 'grad_norm': 0.04596315696835518, 'learning_rate': 4.836678940491745e-06, 'epoch': 2.27}
{'loss': 0.1002, 'grad_norm': 8.42705249786377, 'learning_rate': 4.797085956368532e-06, 'epoch': 2.28}
{'loss': 0.0577, 'grad_norm': 0.08838130533695221, 'learning_rate': 4.757492972245319e-06, 'epoch': 2.29}
{'loss': 0.2066, 'grad_norm': 11.543671607971191, 'learning_rate': 4.717899988122105e-06, 'epoch': 2.29}
{'loss': 0.136, 'grad_norm': 14.140661239624023, 'learning_rate': 4.678307003998892e-06, 'epoch': 2.3}
{'loss': 0.1691, 'grad_norm': 14.868790626525879, 'learning_rate': 4.638714019875678e-06, 'epoch': 2.3}
{'loss': 0.1708, 'grad_norm': 0.026119878515601158, 'learning_rate': 4.599121035752465e-06, 'epoch': 2.31}
{'loss': 0.1455, 'grad_norm': 11.24821662902832, 'learning_rate': 4.559528051629252e-06, 'epoch': 2.32}
{'loss': 0.1477, 'grad_norm': 22.378786087036133, 'learning_rate': 4.519935067506039e-06, 'epoch': 2.32}
{'loss': 0.1201, 'grad_norm': 1.062212586402893, 'learning_rate': 4.4803420833828246e-06, 'epoch': 2.33}
{'loss': 0.1427, 'grad_norm': 0.04473813623189926, 'learning_rate': 4.440749099259611e-06, 'epoch': 2.33}
{'loss': 0.1658, 'grad_norm': 33.25223159790039, 'learning_rate': 4.401156115136398e-06, 'epoch': 2.34}
{'loss': 0.1527, 'grad_norm': 13.507501602172852, 'learning_rate': 4.361563131013185e-06, 'epoch': 2.35}
{'loss': 0.1079, 'grad_norm': 0.34041982889175415, 'learning_rate': 4.321970146889972e-06, 'epoch': 2.35}
{'loss': 0.1973, 'grad_norm': 13.182881355285645, 'learning_rate': 4.282377162766759e-06, 'epoch': 2.36}
{'loss': 0.0973, 'grad_norm': 0.4506189227104187, 'learning_rate': 4.2427841786435446e-06, 'epoch': 2.36}
{'loss': 0.2187, 'grad_norm': 40.63506317138672, 'learning_rate': 4.203191194520331e-06, 'epoch': 2.37}
{'loss': 0.2143, 'grad_norm': 0.4607066810131073, 'learning_rate': 4.163598210397118e-06, 'epoch': 2.38}
{'loss': 0.0988, 'grad_norm': 1.5487614870071411, 'learning_rate': 4.124005226273904e-06, 'epoch': 2.38}
{'loss': 0.1597, 'grad_norm': 0.23725509643554688, 'learning_rate': 4.084412242150691e-06, 'epoch': 2.39}
{'loss': 0.1459, 'grad_norm': 0.27444714307785034, 'learning_rate': 4.044819258027478e-06, 'epoch': 2.39}
{'loss': 0.1222, 'grad_norm': 0.02422930859029293, 'learning_rate': 4.0052262739042645e-06, 'epoch': 2.4}
{'loss': 0.1474, 'grad_norm': 0.16179244220256805, 'learning_rate': 3.965633289781051e-06, 'epoch': 2.41}
{'loss': 0.0612, 'grad_norm': 152.22764587402344, 'learning_rate': 3.926040305657838e-06, 'epoch': 2.41}
{'loss': 0.2041, 'grad_norm': 11.697759628295898, 'learning_rate': 3.886447321534624e-06, 'epoch': 2.42}
{'loss': 0.1624, 'grad_norm': 0.16915297508239746, 'learning_rate': 3.846854337411411e-06, 'epoch': 2.42}
{'loss': 0.1873, 'grad_norm': 0.2269280105829239, 'learning_rate': 3.8072613532881973e-06, 'epoch': 2.43}
{'loss': 0.1075, 'grad_norm': 4.545547962188721, 'learning_rate': 3.767668369164984e-06, 'epoch': 2.43}
{'loss': 0.1269, 'grad_norm': 0.17482160031795502, 'learning_rate': 3.7280753850417713e-06, 'epoch': 2.44}
{'loss': 0.1591, 'grad_norm': 9.50843334197998, 'learning_rate': 3.6884824009185577e-06, 'epoch': 2.45}
{'loss': 0.1249, 'grad_norm': 0.01836831122636795, 'learning_rate': 3.648889416795344e-06, 'epoch': 2.45}
{'loss': 0.0711, 'grad_norm': 70.16302490234375, 'learning_rate': 3.609296432672131e-06, 'epoch': 2.46}
{'loss': 0.1545, 'grad_norm': 0.07258670777082443, 'learning_rate': 3.5697034485489173e-06, 'epoch': 2.46}
{'loss': 0.1455, 'grad_norm': 0.8358055949211121, 'learning_rate': 3.530110464425704e-06, 'epoch': 2.47}
{'loss': 0.1482, 'grad_norm': 0.06866953521966934, 'learning_rate': 3.4905174803024905e-06, 'epoch': 2.48}
{'loss': 0.1467, 'grad_norm': 0.33260589838027954, 'learning_rate': 3.450924496179277e-06, 'epoch': 2.48}
{'loss': 0.0968, 'grad_norm': 1.6407389640808105, 'learning_rate': 3.411331512056064e-06, 'epoch': 2.49}
{'loss': 0.2039, 'grad_norm': 8.336345672607422, 'learning_rate': 3.371738527932851e-06, 'epoch': 2.49}
{'loss': 0.1054, 'grad_norm': 0.39509037137031555, 'learning_rate': 3.3321455438096373e-06, 'epoch': 2.5}
{'loss': 0.1063, 'grad_norm': 0.0519169457256794, 'learning_rate': 3.2925525596864236e-06, 'epoch': 2.51}
{'loss': 0.145, 'grad_norm': 0.16504350304603577, 'learning_rate': 3.2529595755632104e-06, 'epoch': 2.51}
{'loss': 0.2356, 'grad_norm': 0.2876072824001312, 'learning_rate': 3.213366591439997e-06, 'epoch': 2.52}
{'loss': 0.1295, 'grad_norm': 0.441895991563797, 'learning_rate': 3.1737736073167836e-06, 'epoch': 2.52}
{'loss': 0.2122, 'grad_norm': 0.1263493448495865, 'learning_rate': 3.13418062319357e-06, 'epoch': 2.53}
{'loss': 0.1833, 'grad_norm': 0.3537442982196808, 'learning_rate': 3.0945876390703572e-06, 'epoch': 2.54}
{'loss': 0.1389, 'grad_norm': 0.05351540818810463, 'learning_rate': 3.0549946549471436e-06, 'epoch': 2.54}
{'loss': 0.1211, 'grad_norm': 125.24742126464844, 'learning_rate': 3.0154016708239304e-06, 'epoch': 2.55}
{'loss': 0.1246, 'grad_norm': 0.08772672712802887, 'learning_rate': 2.975808686700717e-06, 'epoch': 2.55}
{'loss': 0.1327, 'grad_norm': 0.2404739111661911, 'learning_rate': 2.9362157025775036e-06, 'epoch': 2.56}
{'loss': 0.1558, 'grad_norm': 0.059868186712265015, 'learning_rate': 2.89662271845429e-06, 'epoch': 2.57}
{'loss': 0.1109, 'grad_norm': 0.11622990667819977, 'learning_rate': 2.8570297343310764e-06, 'epoch': 2.57}
{'loss': 0.1566, 'grad_norm': 0.20626522600650787, 'learning_rate': 2.8174367502078636e-06, 'epoch': 2.58}
{'loss': 0.1387, 'grad_norm': 0.14685362577438354, 'learning_rate': 2.7778437660846504e-06, 'epoch': 2.58}
{'loss': 0.1493, 'grad_norm': 6.679512023925781, 'learning_rate': 2.738250781961437e-06, 'epoch': 2.59}
{'loss': 0.1356, 'grad_norm': 7.584967136383057, 'learning_rate': 2.698657797838223e-06, 'epoch': 2.6}
{'loss': 0.0584, 'grad_norm': 0.045177534222602844, 'learning_rate': 2.65906481371501e-06, 'epoch': 2.6}
{'loss': 0.1405, 'grad_norm': 0.08533229678869247, 'learning_rate': 2.6194718295917964e-06, 'epoch': 2.61}
{'loss': 0.1988, 'grad_norm': 0.023245491087436676, 'learning_rate': 2.579878845468583e-06, 'epoch': 2.61}
{'loss': 0.2042, 'grad_norm': 0.32364678382873535, 'learning_rate': 2.5402858613453695e-06, 'epoch': 2.62}
{'loss': 0.2043, 'grad_norm': 13.892833709716797, 'learning_rate': 2.5006928772221568e-06, 'epoch': 2.63}
{'loss': 0.146, 'grad_norm': 10.050028800964355, 'learning_rate': 2.461099893098943e-06, 'epoch': 2.63}
{'loss': 0.0709, 'grad_norm': 0.16521647572517395, 'learning_rate': 2.42150690897573e-06, 'epoch': 2.64}
{'loss': 0.1157, 'grad_norm': 23.052392959594727, 'learning_rate': 2.3819139248525163e-06, 'epoch': 2.64}
{'loss': 0.2087, 'grad_norm': 0.2500685751438141, 'learning_rate': 2.342320940729303e-06, 'epoch': 2.65}
{'loss': 0.1719, 'grad_norm': 0.11500207334756851, 'learning_rate': 2.3027279566060895e-06, 'epoch': 2.65}
{'loss': 0.1142, 'grad_norm': 0.07050629705190659, 'learning_rate': 2.2631349724828763e-06, 'epoch': 2.66}
{'loss': 0.1593, 'grad_norm': 0.2528494596481323, 'learning_rate': 2.2235419883596627e-06, 'epoch': 2.67}
{'loss': 0.0848, 'grad_norm': 0.06834997236728668, 'learning_rate': 2.1839490042364495e-06, 'epoch': 2.67}
{'loss': 0.145, 'grad_norm': 95.97750854492188, 'learning_rate': 2.144356020113236e-06, 'epoch': 2.68}
{'loss': 0.1813, 'grad_norm': 0.028586681932210922, 'learning_rate': 2.1047630359900227e-06, 'epoch': 2.68}
{'loss': 0.1059, 'grad_norm': 97.22210693359375, 'learning_rate': 2.0651700518668095e-06, 'epoch': 2.69}
{'loss': 0.163, 'grad_norm': 0.4919626712799072, 'learning_rate': 2.025577067743596e-06, 'epoch': 2.7}
{'loss': 0.118, 'grad_norm': 0.09108707308769226, 'learning_rate': 1.9859840836203827e-06, 'epoch': 2.7}
{'loss': 0.1261, 'grad_norm': 0.05813382938504219, 'learning_rate': 1.9463910994971695e-06, 'epoch': 2.71}
{'loss': 0.0851, 'grad_norm': 0.3587540090084076, 'learning_rate': 1.9067981153739559e-06, 'epoch': 2.71}
{'loss': 0.1116, 'grad_norm': 21.153005599975586, 'learning_rate': 1.8672051312507425e-06, 'epoch': 2.72}
{'loss': 0.1807, 'grad_norm': 0.017558660358190536, 'learning_rate': 1.827612147127529e-06, 'epoch': 2.73}
{'loss': 0.0889, 'grad_norm': 0.042343251407146454, 'learning_rate': 1.7880191630043159e-06, 'epoch': 2.73}
{'loss': 0.1664, 'grad_norm': 0.18130527436733246, 'learning_rate': 1.7484261788811025e-06, 'epoch': 2.74}
{'loss': 0.1279, 'grad_norm': 0.06165356934070587, 'learning_rate': 1.708833194757889e-06, 'epoch': 2.74}
{'loss': 0.171, 'grad_norm': 2.0235142707824707, 'learning_rate': 1.6692402106346757e-06, 'epoch': 2.75}
{'loss': 0.0646, 'grad_norm': 0.15424327552318573, 'learning_rate': 1.6296472265114625e-06, 'epoch': 2.76}
{'loss': 0.123, 'grad_norm': 176.41610717773438, 'learning_rate': 1.590054242388249e-06, 'epoch': 2.76}
{'loss': 0.2243, 'grad_norm': 16.93834686279297, 'learning_rate': 1.5504612582650354e-06, 'epoch': 2.77}
{'loss': 0.1143, 'grad_norm': 0.14680781960487366, 'learning_rate': 1.510868274141822e-06, 'epoch': 2.77}
{'loss': 0.073, 'grad_norm': 3.6311004161834717, 'learning_rate': 1.4712752900186088e-06, 'epoch': 2.78}
{'loss': 0.1556, 'grad_norm': 0.03303296118974686, 'learning_rate': 1.4316823058953954e-06, 'epoch': 2.79}
{'loss': 0.0902, 'grad_norm': 0.2835693657398224, 'learning_rate': 1.392089321772182e-06, 'epoch': 2.79}
{'loss': 0.1648, 'grad_norm': 0.14161643385887146, 'learning_rate': 1.3524963376489686e-06, 'epoch': 2.8}
{'loss': 0.1386, 'grad_norm': 7.224692344665527, 'learning_rate': 1.3129033535257554e-06, 'epoch': 2.8}
{'loss': 0.1399, 'grad_norm': 0.012367273680865765, 'learning_rate': 1.273310369402542e-06, 'epoch': 2.81}
{'loss': 0.1213, 'grad_norm': 139.91824340820312, 'learning_rate': 1.2337173852793286e-06, 'epoch': 2.82}
{'loss': 0.1812, 'grad_norm': 13.617161750793457, 'learning_rate': 1.1941244011561152e-06, 'epoch': 2.82}
{'loss': 0.1781, 'grad_norm': 0.05414211004972458, 'learning_rate': 1.1545314170329018e-06, 'epoch': 2.83}
{'loss': 0.1295, 'grad_norm': 2.743962049484253, 'learning_rate': 1.1149384329096886e-06, 'epoch': 2.83}
{'loss': 0.16, 'grad_norm': 0.04507281631231308, 'learning_rate': 1.075345448786475e-06, 'epoch': 2.84}
{'loss': 0.1733, 'grad_norm': 32.62963104248047, 'learning_rate': 1.0357524646632618e-06, 'epoch': 2.84}
{'loss': 0.0742, 'grad_norm': 1.4567956924438477, 'learning_rate': 9.961594805400484e-07, 'epoch': 2.85}
{'loss': 0.1636, 'grad_norm': 9.582585334777832, 'learning_rate': 9.56566496416835e-07, 'epoch': 2.86}
{'loss': 0.1219, 'grad_norm': 0.02601512521505356, 'learning_rate': 9.169735122936216e-07, 'epoch': 2.86}
{'loss': 0.0935, 'grad_norm': 0.03192576393485069, 'learning_rate': 8.773805281704083e-07, 'epoch': 2.87}
{'loss': 0.0999, 'grad_norm': 0.03640734776854515, 'learning_rate': 8.377875440471948e-07, 'epoch': 2.87}
{'loss': 0.0888, 'grad_norm': 0.2592688500881195, 'learning_rate': 7.981945599239815e-07, 'epoch': 2.88}
{'loss': 0.1016, 'grad_norm': 0.02878509648144245, 'learning_rate': 7.586015758007681e-07, 'epoch': 2.89}
{'loss': 0.233, 'grad_norm': 0.33073028922080994, 'learning_rate': 7.190085916775548e-07, 'epoch': 2.89}
{'loss': 0.1287, 'grad_norm': 0.022252097725868225, 'learning_rate': 6.794156075543415e-07, 'epoch': 2.9}
{'loss': 0.1564, 'grad_norm': 0.18184661865234375, 'learning_rate': 6.39822623431128e-07, 'epoch': 2.9}
{'loss': 0.1429, 'grad_norm': 0.3518786132335663, 'learning_rate': 6.002296393079147e-07, 'epoch': 2.91}
{'loss': 0.1047, 'grad_norm': 0.2460961937904358, 'learning_rate': 5.606366551847013e-07, 'epoch': 2.92}
{'loss': 0.1618, 'grad_norm': 1.874733805656433, 'learning_rate': 5.210436710614879e-07, 'epoch': 2.92}
{'loss': 0.1454, 'grad_norm': 0.18925495445728302, 'learning_rate': 4.814506869382746e-07, 'epoch': 2.93}
{'loss': 0.1731, 'grad_norm': 7.977236270904541, 'learning_rate': 4.418577028150612e-07, 'epoch': 2.93}
{'loss': 0.0822, 'grad_norm': 0.142396479845047, 'learning_rate': 4.0226471869184785e-07, 'epoch': 2.94}
{'loss': 0.16, 'grad_norm': 0.07389949262142181, 'learning_rate': 3.6267173456863444e-07, 'epoch': 2.95}
{'loss': 0.0493, 'grad_norm': 0.11132369935512543, 'learning_rate': 3.230787504454211e-07, 'epoch': 2.95}
{'loss': 0.1378, 'grad_norm': 191.62396240234375, 'learning_rate': 2.8348576632220773e-07, 'epoch': 2.96}
{'loss': 0.1487, 'grad_norm': 0.13292378187179565, 'learning_rate': 2.438927821989943e-07, 'epoch': 2.96}
{'loss': 0.1431, 'grad_norm': 0.1668274849653244, 'learning_rate': 2.0429979807578097e-07, 'epoch': 2.97}
{'loss': 0.0808, 'grad_norm': 116.73236083984375, 'learning_rate': 1.647068139525676e-07, 'epoch': 2.98}
{'loss': 0.1059, 'grad_norm': 26.413902282714844, 'learning_rate': 1.2511382982935424e-07, 'epoch': 2.98}
{'loss': 0.1958, 'grad_norm': 0.32608893513679504, 'learning_rate': 8.552084570614087e-08, 'epoch': 2.99}
{'loss': 0.1559, 'grad_norm': 366.43560791015625, 'learning_rate': 4.59278615829275e-08, 'epoch': 2.99}
{'loss': 0.1449, 'grad_norm': 0.15364599227905273, 'learning_rate': 6.3348774597141386e-09, 'epoch': 3.0}
Non-default generation parameters: {'early_stopping': True, 'num_beams': 4, 'no_repeat_ngram_size': 3, 'forced_bos_token_id': 0}
{'eval_loss': 0.4015326499938965, 'eval_accuracy': 0.9231651376146789, 'eval_runtime': 1.4848, 'eval_samples_per_second': 587.272, 'eval_steps_per_second': 73.409, 'epoch': 3.0}
  warnings.warn(
100%|| 25257/25257 [23:50<00:00, 18.65it/s]There were missing keys in the checkpoint model loaded: ['model.encoder.embed_tokens.weight', 'model.decoder.embed_tokens.weight'].
100%|| 25257/25257 [23:50<00:00, 17.66it/s]
{'train_runtime': 1430.5598, 'train_samples_per_second': 141.236, 'train_steps_per_second': 17.655, 'train_loss': 0.21926027940411502, 'epoch': 3.0}
/home2/aniruth.suresh/miniconda3/envs/fart/lib/python3.9/site-packages/transformers/configuration_utils.py:393: UserWarning: Some non-default generation parameters are set in the model config. These should go into either a) `model.generation_config` (as opposed to `model.config`); OR b) a GenerationConfig file (https://huggingface.co/docs/transformers/generation_strategies#save-a-custom-decoding-strategy-with-your-model).This warning will become an exception in the future.
Non-default generation parameters: {'early_stopping': True, 'num_beams': 4, 'no_repeat_ngram_size': 3, 'forced_bos_token_id': 0}
  warnings.warn(
100%|| 109/109 [00:01<00:00, 75.65it/s]
{'eval_loss': 0.35456112027168274, 'eval_accuracy': 0.9277522935779816, 'eval_runtime': 1.4543, 'eval_samples_per_second': 599.621, 'eval_steps_per_second': 74.953, 'epoch': 3.0}
