/usr/local/lib/python3.11/dist-packages/huggingface_hub/utils/_auth.py:94: UserWarning:
The secret `HF_TOKEN` does not exist in your Colab secrets.
To authenticate with the Hugging Face Hub, create a token in your settings tab (https://huggingface.co/settings/tokens), set it as secret in your Google Colab and restart your session.
You will be able to reuse this secret in all of your notebooks.
Please note that authentication is recommended but still optional to access public models or datasets.
  warnings.warn(
Some weights of BartForSequenceClassification were not initialized from the model checkpoint at facebook/bart-base and are newly initialized: ['classification_head.dense.bias', 'classification_head.dense.weight', 'classification_head.out_proj.bias', 'classification_head.out_proj.weight']
You should probably TRAIN this model on a down-stream task to be able to use it for predictions and inference.
Training full FNet-BART model
[34m[1mwandb[0m: [33mWARNING[0m The `run_name` is currently set to the same value as `TrainingArguments.output_dir`. If this was not intended, please specify a different run name by setting the `TrainingArguments.run_name` parameter.
/usr/local/lib/python3.11/dist-packages/transformers/configuration_utils.py:393: UserWarning: Some non-default generation parameters are set in the model config. These should go into either a) `model.generation_config` (as opposed to `model.config`); OR b) a GenerationConfig file (https://huggingface.co/docs/transformers/generation_strategies#save-a-custom-decoding-strategy-with-your-model).This warning will become an exception in the future.
Non-default generation parameters: {'early_stopping': True, 'num_beams': 4, 'no_repeat_ngram_size': 3, 'forced_bos_token_id': 0}
  warnings.warn(
/usr/local/lib/python3.11/dist-packages/transformers/configuration_utils.py:393: UserWarning: Some non-default generation parameters are set in the model config. These should go into either a) `model.generation_config` (as opposed to `model.config`); OR b) a GenerationConfig file (https://huggingface.co/docs/transformers/generation_strategies#save-a-custom-decoding-strategy-with-your-model).This warning will become an exception in the future.
Non-default generation parameters: {'early_stopping': True, 'num_beams': 4, 'no_repeat_ngram_size': 3, 'forced_bos_token_id': 0}
  warnings.warn(
/usr/local/lib/python3.11/dist-packages/transformers/configuration_utils.py:393: UserWarning: Some non-default generation parameters are set in the model config. These should go into either a) `model.generation_config` (as opposed to `model.config`); OR b) a GenerationConfig file (https://huggingface.co/docs/transformers/generation_strategies#save-a-custom-decoding-strategy-with-your-model).This warning will become an exception in the future.
Non-default generation parameters: {'early_stopping': True, 'num_beams': 4, 'no_repeat_ngram_size': 3, 'forced_bos_token_id': 0}
  warnings.warn(
/usr/local/lib/python3.11/dist-packages/transformers/configuration_utils.py:393: UserWarning: Some non-default generation parameters are set in the model config. These should go into either a) `model.generation_config` (as opposed to `model.config`); OR b) a GenerationConfig file (https://huggingface.co/docs/transformers/generation_strategies#save-a-custom-decoding-strategy-with-your-model).This warning will become an exception in the future.
Non-default generation parameters: {'early_stopping': True, 'num_beams': 4, 'no_repeat_ngram_size': 3, 'forced_bos_token_id': 0}
  warnings.warn(
/usr/local/lib/python3.11/dist-packages/transformers/configuration_utils.py:393: UserWarning: Some non-default generation parameters are set in the model config. These should go into either a) `model.generation_config` (as opposed to `model.config`); OR b) a GenerationConfig file (https://huggingface.co/docs/transformers/generation_strategies#save-a-custom-decoding-strategy-with-your-model).This warning will become an exception in the future.
Non-default generation parameters: {'early_stopping': True, 'num_beams': 4, 'no_repeat_ngram_size': 3, 'forced_bos_token_id': 0}
  warnings.warn(
There were missing keys in the checkpoint model loaded: ['model.encoder.embed_tokens.weight', 'model.decoder.embed_tokens.weight'].
/usr/local/lib/python3.11/dist-packages/transformers/configuration_utils.py:393: UserWarning: Some non-default generation parameters are set in the model config. These should go into either a) `model.generation_config` (as opposed to `model.config`); OR b) a GenerationConfig file (https://huggingface.co/docs/transformers/generation_strategies#save-a-custom-decoding-strategy-with-your-model).This warning will become an exception in the future.
Non-default generation parameters: {'early_stopping': True, 'num_beams': 4, 'no_repeat_ngram_size': 3, 'forced_bos_token_id': 0}
  warnings.warn(
Final evaluation results: {'eval_loss': 0.3938549757003784, 'eval_accuracy': 0.8348623853211009, 'eval_runtime': 1.8195, 'eval_samples_per_second': 479.252, 'eval_steps_per_second': 30.228, 'epoch': 5.0}
